2013-04-11 21:01:20: init
2013-04-11 21:01:22: table: wp_commentmeta segment: 1/1
2013-04-11 21:01:22: table: wp_commentmeta segment: 1/1
2013-04-11 21:01:22: table: wp_comments segment: 1/1
2013-04-11 21:01:22: table: wp_comments segment: 1/1
2013-04-11 21:01:22: table: wp_links segment: 1/1
2013-04-11 21:01:22: table: wp_links segment: 1/1
2013-04-11 21:01:22: table: wp_options segment: 1/1
2013-04-11 21:01:22: table: wp_options segment: 1/1
2013-04-11 21:01:22: table: wp_p2p segment: 1/1
2013-04-11 21:01:22: table: wp_p2p segment: 1/1
2013-04-11 21:01:22: table: wp_p2pmeta segment: 1/1
2013-04-11 21:01:22: table: wp_p2pmeta segment: 1/1
2013-04-11 21:01:22: table: wp_postmeta segment: 1/15
2013-04-11 21:01:22: table: wp_postmeta segment: 1/15
2013-04-11 21:01:23: table: wp_postmeta segment: 2/15
2013-04-11 21:01:23: table: wp_postmeta segment: 2/15
2013-04-11 21:01:23: table: wp_postmeta segment: 3/15
2013-04-11 21:01:23: table: wp_postmeta segment: 3/15
2013-04-11 21:01:23: table: wp_postmeta segment: 4/15
2013-04-11 21:01:23: table: wp_postmeta segment: 4/15
2013-04-11 21:01:23: table: wp_postmeta segment: 5/15
2013-04-11 21:01:23: table: wp_postmeta segment: 5/15
2013-04-11 21:01:23: table: wp_postmeta segment: 6/15
2013-04-11 21:01:23: table: wp_postmeta segment: 6/15
2013-04-11 21:01:23: table: wp_postmeta segment: 7/15
2013-04-11 21:01:23: table: wp_postmeta segment: 7/15
2013-04-11 21:01:23: table: wp_postmeta segment: 8/15
2013-04-11 21:01:23: table: wp_postmeta segment: 8/15
2013-04-11 21:01:23: table: wp_postmeta segment: 9/15
2013-04-11 21:01:23: table: wp_postmeta segment: 9/15
2013-04-11 21:01:24: table: wp_postmeta segment: 10/15
2013-04-11 21:01:24: table: wp_postmeta segment: 10/15
2013-04-11 21:01:24: table: wp_postmeta segment: 11/15
2013-04-11 21:01:24: table: wp_postmeta segment: 11/15
2013-04-11 21:01:24: table: wp_postmeta segment: 12/15
2013-04-11 21:01:24: table: wp_postmeta segment: 12/15
2013-04-11 21:01:24: table: wp_postmeta segment: 13/15
2013-04-11 21:01:24: table: wp_postmeta segment: 13/15
2013-04-11 21:01:24: table: wp_postmeta segment: 14/15
2013-04-11 21:01:24: table: wp_postmeta segment: 14/15
2013-04-11 21:01:24: table: wp_postmeta segment: 15/15
2013-04-11 21:01:24: table: wp_postmeta segment: 15/15
2013-04-11 21:01:24: table: wp_posts segment: 1/5
2013-04-11 21:01:24: table: wp_posts segment: 1/5
2013-04-11 21:01:24: table: wp_posts segment: 2/5
2013-04-11 21:01:24: table: wp_posts segment: 2/5
2013-04-11 21:01:25: table: wp_posts segment: 3/5
2013-04-11 21:01:25: table: wp_posts segment: 3/5
2013-04-11 21:01:25: table: wp_posts segment: 4/5
2013-04-11 21:01:25: table: wp_posts segment: 4/5
2013-04-11 21:01:25: table: wp_posts segment: 5/5
2013-04-11 21:01:25: table: wp_posts segment: 5/5
2013-04-11 21:01:25: table: wp_term_relationships segment: 1/1
2013-04-11 21:01:25: table: wp_term_relationships segment: 1/1
2013-04-11 21:01:25: table: wp_term_taxonomy segment: 1/1
2013-04-11 21:01:25: table: wp_term_taxonomy segment: 1/1
2013-04-11 21:01:25: table: wp_terms segment: 1/1
2013-04-11 21:01:25: table: wp_terms segment: 1/1
2013-04-11 21:01:26: table: wp_usermeta segment: 1/1
2013-04-11 21:01:26: table: wp_usermeta segment: 1/1
2013-04-11 21:01:26: table: wp_users segment: 1/1
2013-04-11 21:01:26: table: wp_users segment: 1/1
2013-04-11 21:01:26: table: wp_m_communications segment: 1/1
2013-04-11 21:01:26: table: wp_m_communications segment: 1/1
2013-04-11 21:01:26: table: wp_m_coupons segment: 1/1
2013-04-11 21:01:26: table: wp_m_coupons segment: 1/1
2013-04-11 21:01:26: table: wp_m_levelmeta segment: 1/1
2013-04-11 21:01:26: table: wp_m_levelmeta segment: 1/1
2013-04-11 21:01:26: table: wp_m_member_payments segment: 1/1
2013-04-11 21:01:26: table: wp_m_member_payments segment: 1/1
2013-04-11 21:01:26: table: wp_m_membership_levels segment: 1/1
2013-04-11 21:01:26: table: wp_m_membership_levels segment: 1/1
2013-04-11 21:01:26: table: wp_m_membership_news segment: 1/1
2013-04-11 21:01:26: table: wp_m_membership_news segment: 1/1
2013-04-11 21:01:26: table: wp_m_membership_relationships segment: 1/1
2013-04-11 21:01:26: table: wp_m_membership_relationships segment: 1/1
2013-04-11 21:01:26: table: wp_m_membership_rules segment: 1/1
2013-04-11 21:01:26: table: wp_m_membership_rules segment: 1/1
2013-04-11 21:01:26: table: wp_m_ping_history segment: 1/1
2013-04-11 21:01:26: table: wp_m_ping_history segment: 1/1
2013-04-11 21:01:26: table: wp_m_pings segment: 1/1
2013-04-11 21:01:26: table: wp_m_pings segment: 1/1
2013-04-11 21:01:26: table: wp_m_subscription_transaction segment: 1/1
2013-04-11 21:01:26: table: wp_m_subscription_transaction segment: 1/1
2013-04-11 21:01:26: table: wp_m_subscriptionmeta segment: 1/1
2013-04-11 21:01:26: table: wp_m_subscriptionmeta segment: 1/1
2013-04-11 21:01:26: table: wp_m_subscriptions segment: 1/1
2013-04-11 21:01:26: table: wp_m_subscriptions segment: 1/1
2013-04-11 21:01:26: table: wp_m_subscriptions_levels segment: 1/1
2013-04-11 21:01:26: table: wp_m_subscriptions_levels segment: 1/1
2013-04-11 21:01:26: table: wp_m_urlgroups segment: 1/1
2013-04-11 21:01:26: table: wp_m_urlgroups segment: 1/1
2013-04-11 21:01:26: table: wp_mappress_maps segment: 1/1
2013-04-11 21:01:26: table: wp_mappress_maps segment: 1/1
2013-04-11 21:01:26: table: wp_mappress_posts segment: 1/1
2013-04-11 21:01:26: table: wp_mappress_posts segment: 1/1
2013-04-11 21:01:27: table: wp_rg_form segment: 1/1
2013-04-11 21:01:27: table: wp_rg_form segment: 1/1
2013-04-11 21:01:27: table: wp_rg_form_meta segment: 1/1
2013-04-11 21:01:27: table: wp_rg_form_meta segment: 1/1
2013-04-11 21:01:27: table: wp_rg_form_view segment: 1/1
2013-04-11 21:01:27: table: wp_rg_form_view segment: 1/1
2013-04-11 21:01:27: table: wp_rg_lead segment: 1/1
2013-04-11 21:01:27: table: wp_rg_lead segment: 1/1
2013-04-11 21:01:27: table: wp_rg_lead_detail segment: 1/1
2013-04-11 21:01:27: table: wp_rg_lead_detail segment: 1/1
2013-04-11 21:01:27: table: wp_rg_lead_detail_long segment: 1/1
2013-04-11 21:01:27: table: wp_rg_lead_detail_long segment: 1/1
2013-04-11 21:01:27: table: wp_rg_lead_meta segment: 1/1
2013-04-11 21:01:27: table: wp_rg_lead_meta segment: 1/1
2013-04-11 21:01:27: table: wp_rg_lead_notes segment: 1/1
2013-04-11 21:01:27: table: wp_rg_lead_notes segment: 1/1
2013-04-11 21:01:27: table: wp_rg_paypal segment: 1/1
2013-04-11 21:01:27: table: wp_rg_paypal segment: 1/1
2013-04-11 21:01:27: table: wp_rg_paypal_transaction segment: 1/1
2013-04-11 21:01:27: table: wp_rg_paypal_transaction segment: 1/1
2013-04-11 21:01:27: table: wp_rg_userregistration segment: 1/1
2013-04-11 21:01:27: table: wp_rg_userregistration segment: 1/1
2013-04-11 21:01:27: table: wp_w3tc_cdn_queue segment: 1/1
2013-04-11 21:01:27: table: wp_w3tc_cdn_queue segment: 1/1
2013-04-11 21:01:27: table: wp_wpgmza segment: 1/1
2013-04-11 21:01:27: table: wp_wpgmza segment: 1/1
2013-04-11 21:01:27: table: wp_wpgmza_maps segment: 1/1
2013-04-11 21:01:27: table: wp_wpgmza_maps segment: 1/1
2013-04-11 21:01:27: file: non selected
2013-04-11 21:01:27: memory limit: 128M: memory usage current: 33.75M: memory usage peak: 37.25M
2013-04-11 21:01:27: finish: snapshot-1365436853-130412-010120-e166d2e6.zip
2013-04-11 21:01:27: archive cleanup: max archive:24 number of archives: 25
2013-04-11 21:01:28: archive cleanup: filename: wp-content/uploads/snapshots/snapshot-1365436853-130410-200122-55c84f3d.zip removed
