2013-04-11 01:01:25: init
2013-04-11 01:01:33: table: wp_commentmeta segment: 1/1
2013-04-11 01:01:33: table: wp_commentmeta segment: 1/1
2013-04-11 01:01:33: table: wp_comments segment: 1/1
2013-04-11 01:01:33: table: wp_comments segment: 1/1
2013-04-11 01:01:33: table: wp_links segment: 1/1
2013-04-11 01:01:33: table: wp_links segment: 1/1
2013-04-11 01:01:33: table: wp_options segment: 1/1
2013-04-11 01:01:33: table: wp_options segment: 1/1
2013-04-11 01:01:34: table: wp_p2p segment: 1/1
2013-04-11 01:01:34: table: wp_p2p segment: 1/1
2013-04-11 01:01:34: table: wp_p2pmeta segment: 1/1
2013-04-11 01:01:34: table: wp_p2pmeta segment: 1/1
2013-04-11 01:01:34: table: wp_postmeta segment: 1/1
2013-04-11 01:01:34: table: wp_postmeta segment: 1/1
2013-04-11 01:01:34: table: wp_posts segment: 1/1
2013-04-11 01:01:34: table: wp_posts segment: 1/1
2013-04-11 01:01:34: table: wp_term_relationships segment: 1/1
2013-04-11 01:01:34: table: wp_term_relationships segment: 1/1
2013-04-11 01:01:34: table: wp_term_taxonomy segment: 1/1
2013-04-11 01:01:34: table: wp_term_taxonomy segment: 1/1
2013-04-11 01:01:34: table: wp_terms segment: 1/1
2013-04-11 01:01:34: table: wp_terms segment: 1/1
2013-04-11 01:01:34: table: wp_usermeta segment: 1/94
2013-04-11 01:01:34: table: wp_usermeta segment: 1/94
2013-04-11 01:01:35: table: wp_usermeta segment: 2/94
2013-04-11 01:01:35: table: wp_usermeta segment: 2/94
2013-04-11 01:01:35: table: wp_usermeta segment: 3/94
2013-04-11 01:01:35: table: wp_usermeta segment: 3/94
2013-04-11 01:01:35: table: wp_usermeta segment: 4/94
2013-04-11 01:01:35: table: wp_usermeta segment: 4/94
2013-04-11 01:01:35: table: wp_usermeta segment: 5/94
2013-04-11 01:01:35: table: wp_usermeta segment: 5/94
2013-04-11 01:01:35: table: wp_usermeta segment: 6/94
2013-04-11 01:01:35: table: wp_usermeta segment: 6/94
2013-04-11 01:01:35: table: wp_usermeta segment: 7/94
2013-04-11 01:01:35: table: wp_usermeta segment: 7/94
2013-04-11 01:01:35: table: wp_usermeta segment: 8/94
2013-04-11 01:01:35: table: wp_usermeta segment: 8/94
2013-04-11 01:01:35: table: wp_usermeta segment: 9/94
2013-04-11 01:01:35: table: wp_usermeta segment: 9/94
2013-04-11 01:01:36: table: wp_usermeta segment: 10/94
2013-04-11 01:01:36: table: wp_usermeta segment: 10/94
2013-04-11 01:01:36: table: wp_usermeta segment: 11/94
2013-04-11 01:01:36: table: wp_usermeta segment: 11/94
2013-04-11 01:01:36: table: wp_usermeta segment: 12/94
2013-04-11 01:01:36: table: wp_usermeta segment: 12/94
2013-04-11 01:01:36: table: wp_usermeta segment: 13/94
2013-04-11 01:01:36: table: wp_usermeta segment: 13/94
2013-04-11 01:01:36: table: wp_usermeta segment: 14/94
2013-04-11 01:01:36: table: wp_usermeta segment: 14/94
2013-04-11 01:01:36: table: wp_usermeta segment: 15/94
2013-04-11 01:01:36: table: wp_usermeta segment: 15/94
2013-04-11 01:01:36: table: wp_usermeta segment: 16/94
2013-04-11 01:01:36: table: wp_usermeta segment: 16/94
2013-04-11 01:01:36: table: wp_usermeta segment: 17/94
2013-04-11 01:01:36: table: wp_usermeta segment: 17/94
2013-04-11 01:01:37: table: wp_usermeta segment: 18/94
2013-04-11 01:01:37: table: wp_usermeta segment: 18/94
2013-04-11 01:01:37: table: wp_usermeta segment: 19/94
2013-04-11 01:01:37: table: wp_usermeta segment: 19/94
2013-04-11 01:01:37: table: wp_usermeta segment: 20/94
2013-04-11 01:01:37: table: wp_usermeta segment: 20/94
2013-04-11 01:01:37: table: wp_usermeta segment: 21/94
2013-04-11 01:01:37: table: wp_usermeta segment: 21/94
2013-04-11 01:01:37: table: wp_usermeta segment: 22/94
2013-04-11 01:01:37: table: wp_usermeta segment: 22/94
2013-04-11 01:01:37: table: wp_usermeta segment: 23/94
2013-04-11 01:01:37: table: wp_usermeta segment: 23/94
2013-04-11 01:01:37: table: wp_usermeta segment: 24/94
2013-04-11 01:01:37: table: wp_usermeta segment: 24/94
2013-04-11 01:01:37: table: wp_usermeta segment: 25/94
2013-04-11 01:01:37: table: wp_usermeta segment: 25/94
2013-04-11 01:01:37: table: wp_usermeta segment: 26/94
2013-04-11 01:01:37: table: wp_usermeta segment: 26/94
2013-04-11 01:01:38: table: wp_usermeta segment: 27/94
2013-04-11 01:01:38: table: wp_usermeta segment: 27/94
2013-04-11 01:01:38: table: wp_usermeta segment: 28/94
2013-04-11 01:01:38: table: wp_usermeta segment: 28/94
2013-04-11 01:01:38: table: wp_usermeta segment: 29/94
2013-04-11 01:01:38: table: wp_usermeta segment: 29/94
2013-04-11 01:01:38: table: wp_usermeta segment: 30/94
2013-04-11 01:01:38: table: wp_usermeta segment: 30/94
2013-04-11 01:01:38: table: wp_usermeta segment: 31/94
2013-04-11 01:01:38: table: wp_usermeta segment: 31/94
2013-04-11 01:01:38: table: wp_usermeta segment: 32/94
2013-04-11 01:01:38: table: wp_usermeta segment: 32/94
2013-04-11 01:01:38: table: wp_usermeta segment: 33/94
2013-04-11 01:01:38: table: wp_usermeta segment: 33/94
2013-04-11 01:01:38: table: wp_usermeta segment: 34/94
2013-04-11 01:01:38: table: wp_usermeta segment: 34/94
2013-04-11 01:01:38: table: wp_usermeta segment: 35/94
2013-04-11 01:01:38: table: wp_usermeta segment: 35/94
2013-04-11 01:01:39: table: wp_usermeta segment: 36/94
2013-04-11 01:01:39: table: wp_usermeta segment: 36/94
2013-04-11 01:01:39: table: wp_usermeta segment: 37/94
2013-04-11 01:01:39: table: wp_usermeta segment: 37/94
2013-04-11 01:01:39: table: wp_usermeta segment: 38/94
2013-04-11 01:01:39: table: wp_usermeta segment: 38/94
2013-04-11 01:01:39: table: wp_usermeta segment: 39/94
2013-04-11 01:01:39: table: wp_usermeta segment: 39/94
2013-04-11 01:01:39: table: wp_usermeta segment: 40/94
2013-04-11 01:01:39: table: wp_usermeta segment: 40/94
2013-04-11 01:01:39: table: wp_usermeta segment: 41/94
2013-04-11 01:01:39: table: wp_usermeta segment: 41/94
2013-04-11 01:01:39: table: wp_usermeta segment: 42/94
2013-04-11 01:01:39: table: wp_usermeta segment: 42/94
2013-04-11 01:01:39: table: wp_usermeta segment: 43/94
2013-04-11 01:01:39: table: wp_usermeta segment: 43/94
2013-04-11 01:01:39: table: wp_usermeta segment: 44/94
2013-04-11 01:01:39: table: wp_usermeta segment: 44/94
2013-04-11 01:01:39: table: wp_usermeta segment: 45/94
2013-04-11 01:01:39: table: wp_usermeta segment: 45/94
2013-04-11 01:01:39: table: wp_usermeta segment: 46/94
2013-04-11 01:01:39: table: wp_usermeta segment: 46/94
2013-04-11 01:01:39: table: wp_usermeta segment: 47/94
2013-04-11 01:01:39: table: wp_usermeta segment: 47/94
2013-04-11 01:01:39: table: wp_usermeta segment: 48/94
2013-04-11 01:01:39: table: wp_usermeta segment: 48/94
2013-04-11 01:01:39: table: wp_usermeta segment: 49/94
2013-04-11 01:01:39: table: wp_usermeta segment: 49/94
2013-04-11 01:01:40: table: wp_usermeta segment: 50/94
2013-04-11 01:01:40: table: wp_usermeta segment: 50/94
2013-04-11 01:01:40: table: wp_usermeta segment: 51/94
2013-04-11 01:01:40: table: wp_usermeta segment: 51/94
2013-04-11 01:01:40: table: wp_usermeta segment: 52/94
2013-04-11 01:01:40: table: wp_usermeta segment: 52/94
2013-04-11 01:01:40: table: wp_usermeta segment: 53/94
2013-04-11 01:01:40: table: wp_usermeta segment: 53/94
2013-04-11 01:01:40: table: wp_usermeta segment: 54/94
2013-04-11 01:01:40: table: wp_usermeta segment: 54/94
2013-04-11 01:01:40: table: wp_usermeta segment: 55/94
2013-04-11 01:01:40: table: wp_usermeta segment: 55/94
2013-04-11 01:01:40: table: wp_usermeta segment: 56/94
2013-04-11 01:01:40: table: wp_usermeta segment: 56/94
2013-04-11 01:01:40: table: wp_usermeta segment: 57/94
2013-04-11 01:01:40: table: wp_usermeta segment: 57/94
2013-04-11 01:01:40: table: wp_usermeta segment: 58/94
2013-04-11 01:01:40: table: wp_usermeta segment: 58/94
2013-04-11 01:01:40: table: wp_usermeta segment: 59/94
2013-04-11 01:01:40: table: wp_usermeta segment: 59/94
2013-04-11 01:01:40: table: wp_usermeta segment: 60/94
2013-04-11 01:01:40: table: wp_usermeta segment: 60/94
2013-04-11 01:01:40: table: wp_usermeta segment: 61/94
2013-04-11 01:01:40: table: wp_usermeta segment: 61/94
2013-04-11 01:01:40: table: wp_usermeta segment: 62/94
2013-04-11 01:01:40: table: wp_usermeta segment: 62/94
2013-04-11 01:01:40: table: wp_usermeta segment: 63/94
2013-04-11 01:01:40: table: wp_usermeta segment: 63/94
2013-04-11 01:01:41: table: wp_usermeta segment: 64/94
2013-04-11 01:01:41: table: wp_usermeta segment: 64/94
2013-04-11 01:01:41: table: wp_usermeta segment: 65/94
2013-04-11 01:01:41: table: wp_usermeta segment: 65/94
2013-04-11 01:01:41: table: wp_usermeta segment: 66/94
2013-04-11 01:01:41: table: wp_usermeta segment: 66/94
2013-04-11 01:01:41: table: wp_usermeta segment: 67/94
2013-04-11 01:01:41: table: wp_usermeta segment: 67/94
2013-04-11 01:01:41: table: wp_usermeta segment: 68/94
2013-04-11 01:01:41: table: wp_usermeta segment: 68/94
2013-04-11 01:01:41: table: wp_usermeta segment: 69/94
2013-04-11 01:01:41: table: wp_usermeta segment: 69/94
2013-04-11 01:01:41: table: wp_usermeta segment: 70/94
2013-04-11 01:01:41: table: wp_usermeta segment: 70/94
2013-04-11 01:01:41: table: wp_usermeta segment: 71/94
2013-04-11 01:01:41: table: wp_usermeta segment: 71/94
2013-04-11 01:01:41: table: wp_usermeta segment: 72/94
2013-04-11 01:01:41: table: wp_usermeta segment: 72/94
2013-04-11 01:01:41: table: wp_usermeta segment: 73/94
2013-04-11 01:01:41: table: wp_usermeta segment: 73/94
2013-04-11 01:01:41: table: wp_usermeta segment: 74/94
2013-04-11 01:01:41: table: wp_usermeta segment: 74/94
2013-04-11 01:01:41: table: wp_usermeta segment: 75/94
2013-04-11 01:01:41: table: wp_usermeta segment: 75/94
2013-04-11 01:01:41: table: wp_usermeta segment: 76/94
2013-04-11 01:01:41: table: wp_usermeta segment: 76/94
2013-04-11 01:01:41: table: wp_usermeta segment: 77/94
2013-04-11 01:01:41: table: wp_usermeta segment: 77/94
2013-04-11 01:01:42: table: wp_usermeta segment: 78/94
2013-04-11 01:01:42: table: wp_usermeta segment: 78/94
2013-04-11 01:01:42: table: wp_usermeta segment: 79/94
2013-04-11 01:01:42: table: wp_usermeta segment: 79/94
2013-04-11 01:01:42: table: wp_usermeta segment: 80/94
2013-04-11 01:01:42: table: wp_usermeta segment: 80/94
2013-04-11 01:01:42: table: wp_usermeta segment: 81/94
2013-04-11 01:01:42: table: wp_usermeta segment: 81/94
2013-04-11 01:01:42: table: wp_usermeta segment: 82/94
2013-04-11 01:01:42: table: wp_usermeta segment: 82/94
2013-04-11 01:01:42: table: wp_usermeta segment: 83/94
2013-04-11 01:01:42: table: wp_usermeta segment: 83/94
2013-04-11 01:01:42: table: wp_usermeta segment: 84/94
2013-04-11 01:01:42: table: wp_usermeta segment: 84/94
2013-04-11 01:01:43: table: wp_usermeta segment: 85/94
2013-04-11 01:01:43: table: wp_usermeta segment: 85/94
2013-04-11 01:01:43: table: wp_usermeta segment: 86/94
2013-04-11 01:01:43: table: wp_usermeta segment: 86/94
2013-04-11 01:01:44: table: wp_usermeta segment: 87/94
2013-04-11 01:01:44: table: wp_usermeta segment: 87/94
2013-04-11 01:01:45: table: wp_usermeta segment: 88/94
2013-04-11 01:01:45: table: wp_usermeta segment: 88/94
2013-04-11 01:01:45: table: wp_usermeta segment: 89/94
2013-04-11 01:01:45: table: wp_usermeta segment: 89/94
2013-04-11 01:01:46: table: wp_usermeta segment: 90/94
2013-04-11 01:01:46: table: wp_usermeta segment: 90/94
2013-04-11 01:01:46: table: wp_usermeta segment: 91/94
2013-04-11 01:01:46: table: wp_usermeta segment: 91/94
2013-04-11 01:01:47: table: wp_usermeta segment: 92/94
2013-04-11 01:01:47: table: wp_usermeta segment: 92/94
2013-04-11 01:01:48: table: wp_usermeta segment: 93/94
2013-04-11 01:01:48: table: wp_usermeta segment: 93/94
2013-04-11 01:01:48: table: wp_usermeta segment: 94/94
2013-04-11 01:01:48: table: wp_usermeta segment: 94/94
2013-04-11 01:01:49: table: wp_users segment: 1/2
2013-04-11 01:01:49: table: wp_users segment: 1/2
2013-04-11 01:01:50: table: wp_users segment: 2/2
2013-04-11 01:01:50: table: wp_users segment: 2/2
2013-04-11 01:01:50: table: wp_m_communications segment: 1/1
2013-04-11 01:01:50: table: wp_m_communications segment: 1/1
2013-04-11 01:01:51: table: wp_m_coupons segment: 1/1
2013-04-11 01:01:51: table: wp_m_coupons segment: 1/1
2013-04-11 01:01:52: table: wp_m_levelmeta segment: 1/1
2013-04-11 01:01:52: table: wp_m_levelmeta segment: 1/1
2013-04-11 01:01:53: table: wp_m_member_payments segment: 1/1
2013-04-11 01:01:53: table: wp_m_member_payments segment: 1/1
2013-04-11 01:01:54: table: wp_m_membership_levels segment: 1/1
2013-04-11 01:01:54: table: wp_m_membership_levels segment: 1/1
2013-04-11 01:01:54: table: wp_m_membership_news segment: 1/1
2013-04-11 01:01:54: table: wp_m_membership_news segment: 1/1
2013-04-11 01:01:54: table: wp_m_membership_relationships segment: 1/1
2013-04-11 01:01:54: table: wp_m_membership_relationships segment: 1/1
2013-04-11 01:01:54: table: wp_m_membership_rules segment: 1/1
2013-04-11 01:01:54: table: wp_m_membership_rules segment: 1/1
2013-04-11 01:01:54: table: wp_m_ping_history segment: 1/1
2013-04-11 01:01:54: table: wp_m_ping_history segment: 1/1
2013-04-11 01:01:54: table: wp_m_pings segment: 1/1
2013-04-11 01:01:54: table: wp_m_pings segment: 1/1
2013-04-11 01:01:54: table: wp_m_subscription_transaction segment: 1/1
2013-04-11 01:01:54: table: wp_m_subscription_transaction segment: 1/1
2013-04-11 01:01:54: table: wp_m_subscriptionmeta segment: 1/1
2013-04-11 01:01:54: table: wp_m_subscriptionmeta segment: 1/1
2013-04-11 01:01:54: table: wp_m_subscriptions segment: 1/1
2013-04-11 01:01:54: table: wp_m_subscriptions segment: 1/1
2013-04-11 01:01:54: table: wp_m_subscriptions_levels segment: 1/1
2013-04-11 01:01:54: table: wp_m_subscriptions_levels segment: 1/1
2013-04-11 01:01:55: table: wp_m_urlgroups segment: 1/1
2013-04-11 01:01:55: table: wp_m_urlgroups segment: 1/1
2013-04-11 01:01:55: table: wp_mappress_maps segment: 1/1
2013-04-11 01:01:55: table: wp_mappress_maps segment: 1/1
2013-04-11 01:01:55: table: wp_mappress_posts segment: 1/1
2013-04-11 01:01:55: table: wp_mappress_posts segment: 1/1
2013-04-11 01:01:55: table: wp_rg_form segment: 1/1
2013-04-11 01:01:55: table: wp_rg_form segment: 1/1
2013-04-11 01:01:55: table: wp_rg_form_meta segment: 1/1
2013-04-11 01:01:55: table: wp_rg_form_meta segment: 1/1
2013-04-11 01:01:55: table: wp_rg_form_view segment: 1/1
2013-04-11 01:01:55: table: wp_rg_form_view segment: 1/1
2013-04-11 01:01:55: table: wp_rg_lead segment: 1/1
2013-04-11 01:01:55: table: wp_rg_lead segment: 1/1
2013-04-11 01:01:55: table: wp_rg_lead_detail segment: 1/1
2013-04-11 01:01:55: table: wp_rg_lead_detail segment: 1/1
2013-04-11 01:01:55: table: wp_rg_lead_detail_long segment: 1/1
2013-04-11 01:01:55: table: wp_rg_lead_detail_long segment: 1/1
2013-04-11 01:01:55: table: wp_rg_lead_meta segment: 1/1
2013-04-11 01:01:55: table: wp_rg_lead_meta segment: 1/1
2013-04-11 01:01:55: table: wp_rg_lead_notes segment: 1/1
2013-04-11 01:01:55: table: wp_rg_lead_notes segment: 1/1
2013-04-11 01:01:55: table: wp_rg_paypal segment: 1/1
2013-04-11 01:01:55: table: wp_rg_paypal segment: 1/1
2013-04-11 01:01:55: table: wp_rg_paypal_transaction segment: 1/1
2013-04-11 01:01:55: table: wp_rg_paypal_transaction segment: 1/1
2013-04-11 01:01:56: table: wp_rg_userregistration segment: 1/1
2013-04-11 01:01:56: table: wp_rg_userregistration segment: 1/1
2013-04-11 01:01:56: table: wp_w3tc_cdn_queue segment: 1/1
2013-04-11 01:01:56: table: wp_w3tc_cdn_queue segment: 1/1
2013-04-11 01:01:56: table: wp_wpgmza segment: 1/1
2013-04-11 01:01:56: table: wp_wpgmza segment: 1/1
2013-04-11 01:01:56: table: wp_wpgmza_maps segment: 1/1
2013-04-11 01:01:56: table: wp_wpgmza_maps segment: 1/1
2013-04-11 01:01:56: file: non selected
2013-04-11 01:01:56: memory limit: 40M: memory usage current: 31.75M: memory usage peak: 33.25M
2013-04-11 01:01:56: finish: snapshot-1365436853-130411-050125-d64a6809.zip
2013-04-11 01:01:56: archive cleanup: max archive:24 number of archives: 25
2013-04-11 01:01:56: archive cleanup: filename: wp-content/uploads/snapshots/snapshot-1365436853-130410-050117-2ee7d353.zip removed
