2013-04-09 10:57:32: init
2013-04-09 10:57:33: table: wp_commentmeta segment: 1/1
2013-04-09 10:57:33: table: wp_commentmeta segment: 1/1
2013-04-09 10:57:34: table: wp_comments segment: 1/1
2013-04-09 10:57:34: table: wp_comments segment: 1/1
2013-04-09 10:57:34: table: wp_links segment: 1/1
2013-04-09 10:57:34: table: wp_links segment: 1/1
2013-04-09 10:57:34: table: wp_options segment: 1/1
2013-04-09 10:57:34: table: wp_options segment: 1/1
2013-04-09 10:57:34: table: wp_postmeta segment: 1/1
2013-04-09 10:57:34: table: wp_postmeta segment: 1/1
2013-04-09 10:57:34: table: wp_posts segment: 1/1
2013-04-09 10:57:34: table: wp_posts segment: 1/1
2013-04-09 10:57:34: table: wp_term_relationships segment: 1/1
2013-04-09 10:57:34: table: wp_term_relationships segment: 1/1
2013-04-09 10:57:34: table: wp_term_taxonomy segment: 1/1
2013-04-09 10:57:34: table: wp_term_taxonomy segment: 1/1
2013-04-09 10:57:34: table: wp_terms segment: 1/1
2013-04-09 10:57:34: table: wp_terms segment: 1/1
2013-04-09 10:57:34: table: wp_usermeta segment: 1/1
2013-04-09 10:57:34: table: wp_usermeta segment: 1/1
2013-04-09 10:57:34: table: wp_users segment: 1/1
2013-04-09 10:57:34: table: wp_users segment: 1/1
2013-04-09 10:57:35: table: wp_m_communications segment: 1/1
2013-04-09 10:57:35: table: wp_m_communications segment: 1/1
2013-04-09 10:57:35: table: wp_m_coupons segment: 1/1
2013-04-09 10:57:35: table: wp_m_coupons segment: 1/1
2013-04-09 10:57:35: table: wp_m_levelmeta segment: 1/1
2013-04-09 10:57:35: table: wp_m_levelmeta segment: 1/1
2013-04-09 10:57:35: table: wp_m_member_payments segment: 1/1
2013-04-09 10:57:35: table: wp_m_member_payments segment: 1/1
2013-04-09 10:57:35: table: wp_m_membership_levels segment: 1/1
2013-04-09 10:57:35: table: wp_m_membership_levels segment: 1/1
2013-04-09 10:57:35: table: wp_m_membership_news segment: 1/1
2013-04-09 10:57:35: table: wp_m_membership_news segment: 1/1
2013-04-09 10:57:35: table: wp_m_membership_relationships segment: 1/1
2013-04-09 10:57:35: table: wp_m_membership_relationships segment: 1/1
2013-04-09 10:57:35: table: wp_m_membership_rules segment: 1/1
2013-04-09 10:57:35: table: wp_m_membership_rules segment: 1/1
2013-04-09 10:57:35: table: wp_m_ping_history segment: 1/1
2013-04-09 10:57:35: table: wp_m_ping_history segment: 1/1
2013-04-09 10:57:35: table: wp_m_pings segment: 1/1
2013-04-09 10:57:35: table: wp_m_pings segment: 1/1
2013-04-09 10:57:35: table: wp_m_subscription_transaction segment: 1/1
2013-04-09 10:57:35: table: wp_m_subscription_transaction segment: 1/1
2013-04-09 10:57:35: table: wp_m_subscriptionmeta segment: 1/1
2013-04-09 10:57:35: table: wp_m_subscriptionmeta segment: 1/1
2013-04-09 10:57:35: table: wp_m_subscriptions segment: 1/1
2013-04-09 10:57:35: table: wp_m_subscriptions segment: 1/1
2013-04-09 10:57:36: table: wp_m_subscriptions_levels segment: 1/1
2013-04-09 10:57:36: table: wp_m_subscriptions_levels segment: 1/1
2013-04-09 10:57:36: table: wp_m_urlgroups segment: 1/1
2013-04-09 10:57:36: table: wp_m_urlgroups segment: 1/1
2013-04-09 10:57:36: table: wp_mappress_maps segment: 1/1
2013-04-09 10:57:36: table: wp_mappress_maps segment: 1/1
2013-04-09 10:57:36: table: wp_mappress_posts segment: 1/1
2013-04-09 10:57:36: table: wp_mappress_posts segment: 1/1
2013-04-09 10:57:36: table: wp_rg_form segment: 1/1
2013-04-09 10:57:36: table: wp_rg_form segment: 1/1
2013-04-09 10:57:36: table: wp_rg_form_meta segment: 1/1
2013-04-09 10:57:36: table: wp_rg_form_meta segment: 1/1
2013-04-09 10:57:36: table: wp_rg_form_view segment: 1/1
2013-04-09 10:57:36: table: wp_rg_form_view segment: 1/1
2013-04-09 10:57:36: table: wp_rg_lead segment: 1/1
2013-04-09 10:57:36: table: wp_rg_lead segment: 1/1
2013-04-09 10:57:36: table: wp_rg_lead_detail segment: 1/1
2013-04-09 10:57:36: table: wp_rg_lead_detail segment: 1/1
2013-04-09 10:57:36: table: wp_rg_lead_detail_long segment: 1/1
2013-04-09 10:57:36: table: wp_rg_lead_detail_long segment: 1/1
2013-04-09 10:57:36: table: wp_rg_lead_meta segment: 1/1
2013-04-09 10:57:36: table: wp_rg_lead_meta segment: 1/1
2013-04-09 10:57:36: table: wp_rg_lead_notes segment: 1/1
2013-04-09 10:57:36: table: wp_rg_lead_notes segment: 1/1
2013-04-09 10:57:36: table: wp_rg_paypal segment: 1/1
2013-04-09 10:57:36: table: wp_rg_paypal segment: 1/1
2013-04-09 10:57:37: table: wp_rg_paypal_transaction segment: 1/1
2013-04-09 10:57:37: table: wp_rg_paypal_transaction segment: 1/1
2013-04-09 10:57:37: table: wp_rg_userregistration segment: 1/1
2013-04-09 10:57:37: table: wp_rg_userregistration segment: 1/1
2013-04-09 10:57:37: table: wp_w3tc_cdn_queue segment: 1/1
2013-04-09 10:57:37: table: wp_w3tc_cdn_queue segment: 1/1
2013-04-09 10:57:37: table: wp_wpgmza segment: 1/1
2013-04-09 10:57:37: table: wp_wpgmza segment: 1/1
2013-04-09 10:57:37: table: wp_wpgmza_maps segment: 1/1
2013-04-09 10:57:37: table: wp_wpgmza_maps segment: 1/1
2013-04-09 10:57:37: file: non selected
2013-04-09 10:57:37: memory limit: 40M: memory usage current: 30.25M: memory usage peak: 30.25M
2013-04-09 10:57:37: finish: snapshot-1365436853-130409-145731-c2f3fef4.zip
2013-04-09 10:58:07: Notice: errno:8 Undefined index: csv_files /Users/Holmes/Sites/fpa.dev/wp-content/plugins/user-meta/models/umSupportModel.php on line 261
2013-04-09 10:58:07: Notice: errno:8 Undefined index: csv_files /Users/Holmes/Sites/fpa.dev/wp-content/plugins/user-meta/models/umSupportModel.php on line 261
